-------------------------------------------------------------------------------
Test set: com.example.inventoryservice.InventoryServiceApplicationTests
-------------------------------------------------------------------------------
Tests run: 1, Failures: 0, Errors: 1, Skipped: 0, Time elapsed: 15.166 s <<< FAILURE! - in com.example.inventoryservice.InventoryServiceApplicationTests
contextLoads  Time elapsed: 0.016 s  <<< ERROR!
java.lang.IllegalStateException: Failed to load ApplicationContext for [WebMergedContextConfiguration@6f4029e9 testClass = com.example.inventoryservice.InventoryServiceApplicationTests, locations = [], classes = [com.example.inventoryservice.InventoryServiceApplication], contextInitializerClasses = [], activeProfiles = [], propertySourceLocations = [], propertySourceProperties = ["org.springframework.boot.test.context.SpringBootTestContextBootstrapper=true"], contextCustomizers = [org.springframework.boot.test.context.filter.ExcludeFilterContextCustomizer@2d710f1a, org.springframework.boot.test.json.DuplicateJsonObjectContextCustomizerFactory$DuplicateJsonObjectContextCustomizer@48aca48b, org.springframework.boot.test.mock.mockito.MockitoContextCustomizer@0, org.springframework.boot.test.web.client.TestRestTemplateContextCustomizer@5d534f5d, org.springframework.boot.test.autoconfigure.actuate.observability.ObservabilityContextCustomizerFactory$DisableObservabilityContextCustomizer@9da1, org.springframework.boot.test.autoconfigure.properties.PropertyMappingContextCustomizer@0, org.springframework.boot.test.autoconfigure.web.servlet.WebDriverContextCustomizerFactory$Customizer@4145bad8, org.springframework.boot.test.context.SpringBootTestAnnotation@c6ebefee], resourceBasePath = "src/main/webapp", contextLoader = org.springframework.boot.test.context.SpringBootContextLoader, parent = null]
Caused by: org.springframework.beans.factory.UnsatisfiedDependencyException: Error creating bean with name 'inventoryController' defined in file [D:\PROJELER\microservice_news\inventory-service\target\classes\com\example\inventoryservice\controller\InventoryController.class]: Unsatisfied dependency expressed through constructor parameter 0: Error creating bean with name 'inventoryService' defined in file [D:\PROJELER\microservice_news\inventory-service\target\classes\com\example\inventoryservice\service\InventoryService.class]: Unsatisfied dependency expressed through constructor parameter 0: Error creating bean with name 'inventoryRepository' defined in com.example.inventoryservice.repository.InventoryRepository defined in @EnableJpaRepositories declared on JpaRepositoriesRegistrar.EnableJpaRepositoriesConfiguration: Could not create query for public abstract java.util.Optional com.example.inventoryservice.repository.InventoryRepository.findBySkuCode(); Reason: Failed to create query for method public abstract java.util.Optional com.example.inventoryservice.repository.InventoryRepository.findBySkuCode(); Method public abstract java.util.Optional com.example.inventoryservice.repository.InventoryRepository.findBySkuCode() expects at least 1 arguments but only found 0; This leaves an operator of type SIMPLE_PROPERTY for property skuCode unbound
Caused by: org.springframework.beans.factory.UnsatisfiedDependencyException: Error creating bean with name 'inventoryService' defined in file [D:\PROJELER\microservice_news\inventory-service\target\classes\com\example\inventoryservice\service\InventoryService.class]: Unsatisfied dependency expressed through constructor parameter 0: Error creating bean with name 'inventoryRepository' defined in com.example.inventoryservice.repository.InventoryRepository defined in @EnableJpaRepositories declared on JpaRepositoriesRegistrar.EnableJpaRepositoriesConfiguration: Could not create query for public abstract java.util.Optional com.example.inventoryservice.repository.InventoryRepository.findBySkuCode(); Reason: Failed to create query for method public abstract java.util.Optional com.example.inventoryservice.repository.InventoryRepository.findBySkuCode(); Method public abstract java.util.Optional com.example.inventoryservice.repository.InventoryRepository.findBySkuCode() expects at least 1 arguments but only found 0; This leaves an operator of type SIMPLE_PROPERTY for property skuCode unbound
Caused by: org.springframework.beans.factory.BeanCreationException: Error creating bean with name 'inventoryRepository' defined in com.example.inventoryservice.repository.InventoryRepository defined in @EnableJpaRepositories declared on JpaRepositoriesRegistrar.EnableJpaRepositoriesConfiguration: Could not create query for public abstract java.util.Optional com.example.inventoryservice.repository.InventoryRepository.findBySkuCode(); Reason: Failed to create query for method public abstract java.util.Optional com.example.inventoryservice.repository.InventoryRepository.findBySkuCode(); Method public abstract java.util.Optional com.example.inventoryservice.repository.InventoryRepository.findBySkuCode() expects at least 1 arguments but only found 0; This leaves an operator of type SIMPLE_PROPERTY for property skuCode unbound
Caused by: org.springframework.data.repository.query.QueryCreationException: Could not create query for public abstract java.util.Optional com.example.inventoryservice.repository.InventoryRepository.findBySkuCode(); Reason: Failed to create query for method public abstract java.util.Optional com.example.inventoryservice.repository.InventoryRepository.findBySkuCode(); Method public abstract java.util.Optional com.example.inventoryservice.repository.InventoryRepository.findBySkuCode() expects at least 1 arguments but only found 0; This leaves an operator of type SIMPLE_PROPERTY for property skuCode unbound
Caused by: java.lang.IllegalArgumentException: Failed to create query for method public abstract java.util.Optional com.example.inventoryservice.repository.InventoryRepository.findBySkuCode(); Method public abstract java.util.Optional com.example.inventoryservice.repository.InventoryRepository.findBySkuCode() expects at least 1 arguments but only found 0; This leaves an operator of type SIMPLE_PROPERTY for property skuCode unbound
Caused by: java.lang.IllegalStateException: Method public abstract java.util.Optional com.example.inventoryservice.repository.InventoryRepository.findBySkuCode() expects at least 1 arguments but only found 0; This leaves an operator of type SIMPLE_PROPERTY for property skuCode unbound

